<?xml version="1.0" encoding="UTF-8"?>
<!-- Generated by org.testng.reporters.JUnitReportReporter -->
<testsuite hostname="LAPTOP-SC180E21" failures="0" tests="1" name="testlayer.ListDOm" time="3.560" errors="0" timestamp="2021-05-07T17:04:52 IST" skipped="0">
  <testcase classname="testlayer.ListDOm" name="Listdemo" time="3.560"/>
  <system-out/>
</testsuite> <!-- testlayer.ListDOm -->
