<?xml version="1.0" encoding="UTF-8"?>
<!-- Generated by org.testng.reporters.JUnitReportReporter -->
<testsuite hostname="LAPTOP-SC180E21" failures="0" tests="2" name="testlayer.LoginTest" time="2.107" errors="0" timestamp="2021-05-16T12:52:29 IST" skipped="0">
  <testcase classname="testlayer.LoginTest" name="Logintest" time="1.692"/>
  <system-out/>
  <testcase classname="testlayer.LoginTest" name="Title" time="0.415"/>
  <system-out/>
</testsuite> <!-- testlayer.LoginTest -->
