<?xml version="1.0" encoding="UTF-8"?>
<!-- Generated by org.testng.reporters.JUnitReportReporter -->
<testsuite hostname="LAPTOP-SC180E21" failures="0" tests="1" name="testlayer.MultiLevelDrop" time="7.249" errors="0" timestamp="2021-05-07T18:19:54 IST" skipped="0">
  <testcase classname="testlayer.MultiLevelDrop" name="abc" time="7.249"/>
  <system-out/>
</testsuite> <!-- testlayer.MultiLevelDrop -->
