<?xml version="1.0" encoding="UTF-8"?>
<!-- Generated by org.testng.reporters.JUnitReportReporter -->
<testsuite hostname="LAPTOP-SC180E21" failures="0" tests="1" name="testlayer.List" time="4.166" errors="0" timestamp="2021-05-07T12:06:12 IST" skipped="0">
  <testcase classname="testlayer.List" name="List" time="4.166"/>
  <system-out/>
</testsuite> <!-- testlayer.List -->
